# JRE version: Java(TM) SE Runtime Environment 18.9 (11.0.16+11) (build 11.0.16+11-LTS-199)
# Java VM: Java HotSpot(TM) 64-Bit Server VM 18.9 (11.0.16+11-LTS-199, mixed mode, tiered, compressed oops, g1 gc, windows-amd64)
Heap:
 garbage-first heap   total 187392K, used 87704K [0x0000000083a00000, 0x0000000100000000)
  region size 1024K, 6 young (6144K), 6 survivors (6144K)
 Metaspace       used 35536K, capacity 36260K, committed 36428K, reserved 1081344K
  class space    used 3725K, capacity 3987K, committed 4044K, reserved 1048576K
GC Heap History (10 events):
Event: 6.396 GC heap after
{Heap after GC invocations=8 (full 0):
 garbage-first heap   total 155648K, used 46080K [0x0000000083a00000, 0x0000000100000000)
  region size 1024K, 9 young (9216K), 9 survivors (9216K)
 Metaspace       used 30611K, capacity 31177K, committed 31488K, reserved 1077248K
  class space    used 3233K, capacity 3468K, committed 3584K, reserved 1048576K
}
Event: 7.195 GC heap before
{Heap before GC invocations=8 (full 0):
 garbage-first heap   total 155648K, used 100352K [0x0000000083a00000, 0x0000000100000000)
  region size 1024K, 63 young (64512K), 9 survivors (9216K)
 Metaspace       used 32525K, capacity 33230K, committed 33408K, reserved 1079296K
  class space    used 3432K, capacity 3681K, committed 3712K, reserved 1048576K
}
Event: 7.211 GC heap after
{Heap after GC invocations=9 (full 0):
 garbage-first heap   total 155648K, used 55296K [0x0000000083a00000, 0x0000000100000000)
  region size 1024K, 8 young (8192K), 8 survivors (8192K)
 Metaspace       used 32525K, capacity 33230K, committed 33408K, reserved 1079296K
  class space    used 3432K, capacity 3681K, committed 3712K, reserved 1048576K
}
Event: 7.606 GC heap before
{Heap before GC invocations=9 (full 0):
 garbage-first heap   total 155648K, used 106496K [0x0000000083a00000, 0x0000000100000000)
  region size 1024K, 58 young (59392K), 8 survivors (8192K)
 Metaspace       used 35019K, capacity 35787K, committed 35840K, reserved 1081344K
  class space    used 3687K, capacity 3939K, committed 3968K, reserved 1048576K
}
Event: 7.615 GC heap after
{Heap after GC invocations=10 (full 0):
 garbage-first heap   total 155648K, used 58157K [0x0000000083a00000, 0x0000000100000000)
  region size 1024K, 2 young (2048K), 2 survivors (2048K)
 Metaspace       used 35019K, capacity 35787K, committed 35840K, reserved 1081344K
  class space    used 3687K, capacity 3939K, committed 3968K, reserved 1048576K
}
Event: 7.620 GC heap before
{Heap before GC invocations=10 (full 0):
 garbage-first heap   total 155648K, used 58157K [0x0000000083a00000, 0x0000000100000000)
  region size 1024K, 3 young (3072K), 2 survivors (2048K)
 Metaspace       used 35068K, capacity 35787K, committed 35840K, reserved 1081344K
  class space    used 3692K, capacity 3939K, committed 3968K, reserved 1048576K
}
Event: 7.623 GC heap after
{Heap after GC invocations=11 (full 0):
 garbage-first heap   total 155648K, used 57759K [0x0000000083a00000, 0x0000000100000000)
  region size 1024K, 2 young (2048K), 2 survivors (2048K)
 Metaspace       used 35068K, capacity 35787K, committed 35840K, reserved 1081344K
  class space    used 3692K, capacity 3939K, committed 3968K, reserved 1048576K
}
Event: 8.803 GC heap before
{Heap before GC invocations=12 (full 0):
 garbage-first heap   total 155648K, used 112031K [0x0000000083a00000, 0x0000000100000000)
  region size 1024K, 53 young (54272K), 2 survivors (2048K)
 Metaspace       used 35492K, capacity 36260K, committed 36428K, reserved 1081344K
  class space    used 3725K, capacity 3987K, committed 4044K, reserved 1048576K
}
Event: 8.814 GC heap after
{Heap after GC invocations=13 (full 0):
 garbage-first heap   total 155648K, used 73600K [0x0000000083a00000, 0x0000000100000000)
  region size 1024K, 7 young (7168K), 7 survivors (7168K)
 Metaspace       used 35492K, capacity 36260K, committed 36428K, reserved 1081344K
  class space    used 3725K, capacity 3987K, committed 4044K, reserved 1048576K
}
Event: 9.434 GC heap before
{Heap before GC invocations=13 (full 0):
 garbage-first heap   total 155648K, used 113536K [0x0000000083a00000, 0x0000000100000000)
  region size 1024K, 46 young (47104K), 7 survivors (7168K)
 Metaspace       used 35536K, capacity 36260K, committed 36428K, reserved 1081344K
  class space    used 3725K, capacity 3987K, committed 4044K, reserved 1048576K
}

